<?xml version="1.0" encoding="UTF-8"?>
<!-- Generated by org.testng.reporters.JUnitReportReporter -->
<testsuite hostname="LAPTOP-A4AKOM4G" failures="0" tests="1" name="Basic.OrganizationTest" time="4.457" errors="0" timestamp="2024-03-15T12:51:28 IST" skipped="0">
  <testcase classname="Basic.OrganizationTest" name="CreateOrganizationTest" time="4.457"/>
  <system-out/>
</testsuite> <!-- Basic.OrganizationTest -->
